This file contains any messages produced by compilers while
running CMake, to aid debugging if configure makes a mistake.

It was created by pinocchio CMake configuration process 2.5.1, which was
generated by CMake 3.26.3.

## --------- ##
## Platform. ##
## --------- ##

hostname = zcx-Lenovo-Legion-Y9000P2021H
system = Linux-5.15.0-67-generic
processor = x86_64
generator = Unix Makefiles

PATH /opt/ros/noetic/bin
PATH /usr/local/cuda/bin
PATH /home/zcx/.local/lib/python3.8/site-packages
PATH /usr/bin/pyhton3
PATH /opt/ukylin-wine/apps/wine-wechat/
PATH /home/zcx/.local/bin
PATH /usr/local/sbin
PATH /usr/local/bin
PATH /usr/sbin
PATH /usr/bin
PATH /sbin
PATH /bin
PATH /usr/games
PATH /usr/local/games
PATH /snap/bin

PKG_CONFIG_PATH /mnt/nvme1n1p7/HKUST_ws/devel/lib/pkgconfig
PKG_CONFIG_PATH /mnt/nvme1n1p7/catkin_ws/devel/lib/pkgconfig
PKG_CONFIG_PATH /opt/ros/noetic/lib/pkgconfig

## ---------------- ##
## CMake variables. ##
## ---------------- ##

CMAKE_ROOT = /home/zcx/.local/lib/python3.8/site-packages/cmake/data/share/cmake-3.26
CMAKE_INCLUDE_PATH = 
CMAKE_LIBRARY_PATH = 
CMAKE_PREFIX_PATH = 
CMAKE_INSTALL_ALWAYS = 
CMAKE_SKIP_RPATH = NO
CMAKE_SUPPRESS_REGENERATION = 
BUILD_SHARED_LIBS = 

CMAKE_INSTALL_PREFIX = /usr/local
PROJECT_SOURCE_DIR = /mnt/nvme1n1p7/HKUST_ws/src/pinocchio
PROJECT_SOURCE_DIR = /mnt/nvme1n1p7/HKUST_ws/src/pinocchio
PROJECT_BINARY_DIR = /mnt/nvme1n1p7/HKUST_ws/src/pinocchio
CMAKE_BINARY_DIR = /mnt/nvme1n1p7/HKUST_ws/src/pinocchio

CMAKE_AR = /usr/bin/ar
CMAKE_RANLIB = /usr/bin/ranlib
CMAKE_BUILD_TYPE = 
CMAKE_CONFIGURATION_TYPES = 
CMAKE_SHARED_LINKER_FLAGS = 

CMAKE_C_COMPILER = 
CMAKE_C_FLAGS = 
CMAKE_C_FLAGS_DEBUG = 
CMAKE_C_FLAGS_RELEASE = 
CMAKE_CXX_COMPILER = /usr/bin/c++
CMAKE_CXX_FLAGS =  -pedantic -Wno-long-long -Wall -Wextra -Wcast-align -Wcast-qual -Wformat -Wwrite-strings -Wconversion 
CMAKE_CXX_FLAGS_DEBUG = -g
CMAKE_CXX_FLAGS_RELEASE = -O3 -DNDEBUG
CMAKE_CXX_FLAGS_RELWITHDEBINFO = -O2 -g -DNDEBUG

CMAKE_STATIC_LIBRARY_PREFIX = lib
CMAKE_STATIC_LIBRARY_SUFFIX = .a
CMAKE_SHARED_LIBRARY_PREFIX = lib
CMAKE_SHARED_LIBRARY_SUFFIX = .so
CMAKE_SHARED_MODULE_PREFIX = lib
CMAKE_SHARED_MODULE_SUFFIX = .so

## ------------------ ##
## Watched variables. ##
## ------------------ ##

WARNING_CXX_FLAGS =  -pedantic -Wno-long-long -Wall -Wextra -Wcast-align -Wcast-qual -Wformat -Wwrite-strings -Wconversion
_PKG_CONFIG_FOUND = undefined
PKG_CONFIG_EXECUTABLE = /usr/bin/pkg-config
_PKG_CONFIG_PREFIX = /usr/local
_PKG_CONFIG_EXEC_PREFIX = /usr/local
_PKG_CONFIG_LIBDIR = /mnt/nvme1n1p7/HKUST_ws/devel/lib
_PKG_CONFIG_BINDIR = /usr/local/bin
_PKG_CONFIG_PKGLIBDIR = /usr/local/lib/pinocchio
_PKG_CONFIG_INCLUDEDIR = /usr/local/include
_PKG_CONFIG_DATAROOTDIR = /usr/local/share
_PKG_CONFIG_PKGDATAROOTDIR = /usr/local/share
_PKG_CONFIG_DOCDIR = /usr/local/share/doc/pinocchio
_PKG_CONFIG_DOXYGENDOCDIR = /usr/local/share/doc/pinocchio/doxygen-html
_PKG_CONFIG_PROJECT_NAME = pinocchio
_PKG_CONFIG_DESCRIPTION = A fast and flexible implementation of Rigid Body Dynamics algorithms and their analytical derivatives
_PKG_CONFIG_URL = http://github.com/stack-of-tasks/pinocchio
_PKG_CONFIG_VERSION = 2.5.1
_PKG_CONFIG_REQUIRES = eigen3 >= 3.0.5;urdfdom >= 0.2.0;hpp-fcl >= 1.4.0
_PKG_CONFIG_REQUIRES_DEBUG = 
_PKG_CONFIG_REQUIRES_OPTIMIZED = 
_PKG_CONFIG_COMPILE_TIME_REQUIRES = 
_PKG_CONFIG_CONFLICTS = 
_PKG_CONFIG_LIBS =  -lpinocchio -L/usr/lib/x86_64-linux-gnu -lboost_filesystem -lboost_serialization -lboost_system
_PKG_CONFIG_LIBS_DEBUG = -L${libdir}
_PKG_CONFIG_LIBS_OPTIMIZED = -L${libdir}
_PKG_CONFIG_LIBS_PRIVATE = 
_PKG_CONFIG_CFLAGS = -I${includedir} -DPINOCCHIO_WITH_URDFDOM -DPINOCCHIO_WITH_HPP_FCL -DBOOST_MPL_LIMIT_LIST_SIZE=30
_PKG_CONFIG_CFLAGS_DEBUG = 
_PKG_CONFIG_CFLAGS_OPTIMIZED = 
_PKG_CONFIG_FILENAME = pinocchio.pc
PKG_CONFIG_EXTRA = 
DOXYGEN_SKIP_DOT = undefined
DOXYGEN_EXECUTABLE = /usr/bin/doxygen
DOXYGEN_FOUND = YES
DOXYGEN_DOT_EXECUTABLE = /usr/bin/dot
DOXYGEN_DOT_FOUND = YES
DOXYGEN_DOT_PATH = /usr/bin
DOXYGEN_DOT_IMAGE_FORMAT = undefined
DOXYGEN_USE_MATHJAX = YES
DOXYGEN_USE_TEMPLATE_CSS = YES
## ---------------- ##
## Watched targets. ##
## ---------------- ##

